 20
 20
 20
 20
 20
 20
 20
 20
 20
 20
 20
 20
 20
 20
 20
 20
 20
 20
 20
 20
 20
 20
 20
 20
 20
 20
 20
 20
 20
 20
 20
 20
 20
 20
 20
 20
 20
 20
 20
 20
 20
 20
 20
 20
 20
 64
 64
 64
 64
 64
 64
 64
 64
 64
 64
 64
 64
 64
 64
 64
 64
 64
 64
 64
 64
 64
 64
 64
 64
 64
 64
 64
 64
 64
 64
 64
 64
 64
 64
 64
 64
 64
 64
 64
 64
 64
 64
 64
 64
 64
 95
 95
 95
 95
 95
 95
 95
 95
 95
 95
 96
 96
 96
 96
 96
 96
 96
 96
 96
 96
 225
 225
 225
 225
 225
 225
 225
 225
 225
 225
 225
 225
 225
 225
 225
 225
 225
 225
 225
 225
 225
 225
 225
 225
 225
 225
 225
 225
 225
 225
 225
 225
 225
 225
 225
 225
 225
 225
 225
 225
 225
 225
 225
 225
 225
 236
 236
 236
 236
 236
 236
 236
 236
 236
 236
 251
 251
 251
 251
 251
 251
 251
 251
 251
 251
 251
 251
 251
 251
 251
 251
 251
 254
 254
 254
 254
 254
 254
 254
 254
 254
 254
 254
 254
 254
 254
 254
 254
 254
 254
 254
 254
 254
 254
 254
 254
 254
 254
 254
 254
 254
 254
 254
 254
 254
 254
 254
 254
 254
 254
 254
 254
 254
 254
 254
 254
 254
 297
 297
 297
 297
 297
 297
 297
 297
 297
 297
 297
 297
 297
 297
 297
 297
 297
 297
 297
 297
 297
 297
 297
 297
 297
 297
 297
 297
 297
 297
 297
 297
 297
 297
 297
 297
 297
 297
 297
 297
 297
 297
 297
 297
 297
 300
 300
 300
 300
 300
 300
 300
 300
 300
 300
 373
 373
 373
 373
 373
 373
 373
 373
 373
 373
 373
 373
 373
 373
 373
 373
 373
 373
 373
 373
 373
 373
 373
 373
 373
 373
 373
 373
 373
 373
 373
 373
 373
 373
 373
 373
 373
 373
 373
 373
 373
 373
 373
 373
 373
 401
 401
 401
 401
 401
 401
 401
 401
 401
 401
 414
 414
 415
 415
 483
 483
 483
 483
 483
 483
 483
 483
 483
 483
 483
 483
 483
 483
 483
 483
 483
 486
 486
 486
 486
 486
 486
 486
 486
 486
 486
 486
 486
 486
 486
 486
 486
 486
 486
 486
 486
 486
 486
 486
 486
 486
 486
 486
 486
 486
 486
 486
 486
 486
 486
 486
 486
 486
 486
 486
 486
 486
 486
 486
 486
 486
 488
 488
 488
 488
 488
 488
 488
 488
 488
 488
 488
 488
 488
 488
 488
 488
 488
 488
 488
 488
 488
 488
 488
 488
 488
 488
 488
 488
 488
 488
 488
 488
 488
 488
 488
 488
 488
 488
 488
 488
 488
 488
 488
 488
 488
 535
 535
 535
 535
 535
 535
 535
 535
 535
 535
 547
 547
 547
 547
 547
 547
 547
 547
 547
 547
 554
 554
 554
 554
 554
 554
 554
 554
 554
 554
 558
 558
 558
 558
 558
 558
 558
 558
 558
 558
 558
 558
 558
 558
 558
 558
 558
 582
 582
 582
 582
 582
 582
 586
 586
 586
 586
 586
 586
 586
 586
 586
 586
 586
 586
 586
 586
 586
 586
 586
 586
 586
 586
 586
 586
 586
 586
 586
 586
 586
 586
 586
 586
 586
 586
 586
 586
 586
 586
 586
 586
 586
 586
 586
 586
 586
 586
 586
 587
 587
 587
 587
 587
 587
 587
 587
 587
 587
 587
 587
 587
 587
 587
 587
 587
 592
 592
 592
 592
 592
 592
 592
 592
 592
 592
 623
 623
 623
 623
 623
 623
 623
 623
 623
 623
 623
 623
 623
 623
 623
 623
 623
 629
 629
 629
 629
 629
 629
 629
 629
 629
 629
 629
 629
 629
 629
 629
 629
 629
 636
 636
 636
 636
 636
 636
 637
 637
 637
 637
 637
 637
 648
 648
 648
 648
 648
 648
 648
 648
 648
 648
 730
 730
 730
 730
 730
 730
 730
 730
 730
 730
 732
 732
 732
 732
 732
 732
 732
 732
 732
 732
 765
 765
 765
 765
 765
 765
 765
 765
 765
 765
 765
 765
 765
 765
 765
 765
 765
 845
 845
 845
 845
 845
 845
 845
 845
 845
 845
 845
 845
 845
 845
 845
 845
 845
 852
 852
 852
 852
 852
 852
 852
 852
 852
 852
 867
 867
 875
 875
 973
 973
 973
 973
 973
 973
 973
 973
 973
 973
 973
 973
 973
 973
 973
 973
 973
 991
 991
 991
 991
 991
 991
 992
 992
 992
 992
 992
 992
 1004
 1004
 1044
 1044
 1044
 1044
 1044
 1044
 1044
 1044
 1044
 1044
 1044
 1044
 1044
 1044
 1044
 1044
 1044
 1197
 1197
 1197
 1197
 1197
 1197
 1261
 1261
 1261
 1261
 1261
 1261
 1261
 1261
 1261
 1261
 1270
 1270
 1270
 1270
 1270
 1270
 1297
 1297
 1297
 1297
 1297
 1297
 1297
 1297
 1297
 1297
 1297
 1297
 1297
 1297
 1297
 1297
 1297
 1297
 1297
 1297
 1297
 1297
 1297
 1297
 1297
 1297
 1297
 1297
 1297
 1297
 1297
 1297
 1297
 1297
 1297
 1297
 1297
 1297
 1297
 1297
 1297
 1297
 1297
 1297
 1297
 1317
 1317
 1317
 1317
 1317
 1317
 1317
 1317
 1317
 1317
 1317
 1317
 1317
 1317
 1317
 1317
 1317
 1366
 1366
 1366
 1366
 1366
 1366
 1399
 1399
 1399
 1399
 1399
 1399
 1399
 1399
 1399
 1399
 1412
 1412
 1412
 1412
 1412
 1412
 1412
 1412
 1412
 1412
 1412
 1412
 1412
 1412
 1412
 1412
 1412
 1413
 1413
 1413
 1413
 1413
 1413
 1413
 1413
 1413
 1413
 1459
 1459
 1525
 1525
 1525
 1525
 1525
 1525
 1525
 1525
 1525
 1525
 1572
 1572
 1572
 1572
 1572
 1572
 1583
 1583
 1583
 1583
 1583
 1583
 1583
 1583
 1583
 1583
 1583
 1583
 1583
 1583
 1583
 1583
 1583
 1622
 1622
 1622
 1622
 1622
 1622
 1622
 1622
 1622
 1622
 1851
 1851
 1851
 1851
 1851
 1851
 1851
 1851
 1851
 1851
 1853
 1853
 1853
 1853
 1853
 1853
 1853
 1853
 1853
 1853
 1903
 1903
 1903
 1903
 1903
 1903
 2028
 2028
 2028
 2028
 2028
 2028
 2028
 2028
 2028
 2028
 2028
 2028
 2028
 2028
 2028
 2028
 2028
 2028
 2028
 2028
 2028
 2028
 2028
 2028
 2028
 2028
 2028
 2028
 2028
 2028
 2028
 2028
 2028
 2028
 2028
 2028
 2028
 2028
 2028
 2028
 2028
 2028
 2028
 2028
 2028
 2475
 2475
 2475
 2475
 2475
 2475
 2624
 2624
 2624
 2624
 2624
 2624
 2624
 2624
 2624
 2624
 2624
 2624
 2624
 2624
 2624
 2624
 2624
 2624
 2624
 2624
 2624
 2624
 2624
 2624
 2624
 2624
 2624
 2624
 2624
 2624
 2624
 2624
 2624
 2624
 2624
 2624
 2624
 2624
 2624
 2624
 2624
 2624
 2624
 2624
 2624
 2670
 2670
 2670
 2670
 2670
 2670
 2670
 2670
 2670
 2670
 2712
 2712
 2712
 2712
 2712
 2712
 2712
 2712
 2712
 2712
 2722
 2722
 2722
 2722
 2722
 2722
 2722
 2722
 2722
 2722
 2722
 2722
 2722
 2722
 2722
 2722
 2722
 2832
 2832
 2833
 2833
 2843
 2843
 2843
 2843
 2843
 2843
 2843
 2843
 2843
 2843
 2843
 2843
 2843
 2843
 2843
 2843
 2843
 2843
 2843
 2843
 2843
 2843
 2843
 2843
 2843
 2843
 2843
 2843
 2843
 2843
 2843
 2843
 2843
 2843
 2843
 2843
 2843
 2843
 2843
 2843
 2843
 2843
 2843
 2843
 2843
 2846
 2846
 2846
 2846
 2846
 2846
 2846
 2846
 2846
 2846
 2846
 2846
 2846
 2846
 2846
 2846
 2846
 2881
 2881
 2881
 2881
 2881
 2881
 2894
 2894
 2894
 2894
 2894
 2894
 2895
 2895
 2895
 2895
 2895
 2895
 2895
 2895
 2895
 2895
 2932
 2932
 2932
 2932
 2932
 2932
 2956
 2956
 2956
 2956
 2956
 2956
 2976
 2976
 2977
 2977
 2978
 2978
 2994
 2994
 2994
 2994
 2994
 2994
 2994
 2994
 2994
 2994
 2994
 2994
 2994
 2994
 2994
 2994
 2994
 2994
 2994
 2994
 2994
 2994
 2994
 2994
 2994
 2994
 2994
 2994
 2994
 2994
 2994
 2994
 2994
 2994
 2994
 2994
 2994
 2994
 2994
 2994
 2994
 2994
 2994
 2994
 2994
 3052
 3052
 3052
 3052
 3052
 3052
 3052
 3052
 3052
 3052
 3065
 3065
 3065
 3065
 3065
 3065
 3065
 3065
 3065
 3065
 3074
 3074
 3074
 3074
 3074
 3074
 3074
 3074
 3074
 3074
 3075
 3075
 3075
 3075
 3075
 3075
 3075
 3075
 3075
 3075
 3077
 3077
 3077
 3077
 3077
 3077
 3077
 3077
 3077
 3077
 3207
 3207
 3207
 3207
 3207
 3207
 3207
 3207
 3207
 3207
 3339
 3339
 3339
 3339
 3339
 3339
 3339
 3339
 3339
 3339
 3363
 3363
 3363
 3363
 3363
 3363
 3363
 3363
 3363
 3363
 3364
 3364
 3433
 3433
 3434
 3434
 3506
 3506
 3506
 3506
 3506
 3506
 3506
 3506
 3507
 3507
 3507
 3507
 3507
 3507
 3516
 3516
 3516
 3516
 3516
 3516
 3516
 3516
 3516
 3516
 3516
 3516
 3516
 3516
 3516
 3516
 3516
 3519
 3519
 3519
 3519
 3519
 3519
 3519
 3519
 3519
 3519
 3519
 3519
 3519
 3519
 3519
 3519
 3519
 3540
 3540
 3540
 3540
 3540
 3540
 3540
 3540
 3540
 3540
 3540
 3540
 3540
 3540
 3540
 3540
 3540
 3542
 3542
 3542
 3542
 3542
 3542
 3542
 3542
 3542
 3542
 3580
 3580
 3627
 3627
 3644
 3644
 3644
 3644
 3644
 3644
 3646
 3646
 3646
 3646
 3646
 3646
 3650
 3650
 3650
 3650
 3650
 3650
 3651
 3651
 3651
 3651
 3651
 3651
 3654
 3654
 3654
 3654
 3654
 3654
 3655
 3655
 3655
 3655
 3655
 3655
 3890
 3890
 3890
 3890
 3890
 3890
 3890
 3890
 3890
 3890
 3890
 3890
 3890
 3890
 3890
 3890
 3890
 3890
 3890
 3890
 3890
 3890
 3890
 3890
 3890
 3890
 3890
 3890
 3890
 3890
 3890
 3890
 3890
 3890
 3890
 3890
 3890
 3890
 3890
 3890
 3890
 3890
 3890
 3890
 3890
 3911
 3911
 3911
 3911
 3911
 3911
 3974
 3974
 3974
 3974
 3974
 3974
 3974
 3974
 3974
 3974
 4096
 4096
 4096
 4096
 4096
 4096
 4096
 4096
 4096
 4096
 4097
 4097
 4097
 4097
 4097
 4097
 4097
 4097
 4097
 4097
 4112
 4112
 4112
 4112
 4112
 4112
 4112
 4112
 4112
 4112
 4112
 4112
 4112
 4112
 4112
 4112
 4112
 4196
 4196
 4196
 4196
 4196
 4196
 4196
 4196
 4196
 4196
 4196
 4196
 4196
 4196
 4196
 4196
 4196
 4196
 4196
 4196
 4196
 4196
 4196
 4196
 4196
 4196
 4196
 4196
 4196
 4196
 4196
 4196
 4196
 4196
 4196
 4196
 4196
 4196
 4196
 4196
 4196
 4196
 4196
 4196
 4196
 4318
 4318
 4318
 4318
 4318
 4318
 4318
 4318
 4318
 4318
 4384
 4384
 4384
 4384
 4384
 4384
 4384
 4384
 4384
 4384
 4384
 4384
 4384
 4384
 4384
 4384
 4384
 4384
 4384
 4384
 4384
 4384
 4384
 4384
 4384
 4384
 4384
 4384
 4384
 4384
 4384
 4384
 4384
 4384
 4384
 4384
 4384
 4384
 4384
 4384
 4384
 4384
 4384
 4384
 4384
 4408
 4408
 4432
 4432
 4432
 4432
 4432
 4432
 4432
 4432
 4432
 4432
 4540
 4540
 4540
 4540
 4540
 4540
 4540
 4540
 4540
 4540
 4540
 4540
 4540
 4540
 4540
 4540
 4540
 4540
 4540
 4540
 4540
 4540
 4540
 4540
 4540
 4540
 4540
 4540
 4540
 4540
 4540
 4540
 4540
 4540
 4540
 4540
 4540
 4540
 4540
 4540
 4540
 4540
 4540
 4540
 4540
 4599
 4599
 4599
 4599
 4599
 4599
 4599
 4599
 4599
 4599
 4599
 4599
 4599
 4599
 4599
 4599
 4599
 4599
 4599
 4599
 4599
 4599
 4599
 4599
 4599
 4599
 4599
 4599
 4599
 4599
 4599
 4599
 4599
 4599
 4599
 4599
 4599
 4599
 4599
 4599
 4599
 4599
 4599
 4599
 4599
 4602
 4602
 4602
 4602
 4602
 4602
 4602
 4602
 4602
 4602
 4645
 4645
 4645
 4645
 4645
 4645
 4645
 4645
 4645
 4645
 4645
 4645
 4645
 4645
 4645
 4645
 4645
 4659
 4659
 4659
 4659
 4659
 4659
 4659
 4659
 4659
 4659
 4659
 4659
 4659
 4659
 4659
 4659
 4659
 4659
 4659
 4659
 4659
 4659
 4659
 4659
 4659
 4659
 4659
 4659
 4659
 4659
 4659
 4659
 4659
 4659
 4659
 4659
 4659
 4659
 4659
 4659
 4659
 4659
 4659
 4659
 4659
 4702
 4702
 4702
 4702
 4702
 4702
 4702
 4702
 4702
 4702
 4702
 4702
 4702
 4702
 4702
 4702
 4702
 4702
 4702
 4702
 4702
 4702
 4702
 4702
 4702
 4702
 4702
 4702
 4702
 4702
 4702
 4702
 4702
 4702
 4702
 4702
 4702
 4702
 4702
 4702
 4702
 4702
 4702
 4702
 4702
 4717
 4717
 4717
 4717
 4717
 4717
 4717
 4717
 4717
 4717
 4733
 4733
 4733
 4733
 4733
 4733
 4733
 4733
 4733
 4733
 4733
 4733
 4733
 4733
 4733
 4733
 4733
 4764
 4764
 4767
 4767
 4767
 4767
 4767
 4767
 4767
 4767
 4767
 4767
 4767
 4767
 4767
 4767
 4767
 4767
 4767
 4767
 4767
 4767
 4767
 4767
 4767
 4767
 4767
 4767
 4767
 4767
 4767
 4767
 4767
 4767
 4767
 4767
 4767
 4767
 4767
 4767
 4767
 4767
 4767
 4767
 4767
 4767
 4767
 4785
 4785
 4785
 4785
 4785
 4785
 4785
 4785
 4785
 4785
 4862
 4862
 4862
 4862
 4862
 4862
 4862
 4862
 4862
 4862
 4873
 4873
 4873
 4873
 4873
 4873
 4887
 4887
 4887
 4887
 4887
 4887
 4887
 4887
 4887
 4887
 4922
 4922
 4922
 4922
 4922
 4922
 4922
 4922
 4922
 4922
 4922
 4922
 4924
 4924
 4924
 4924
 4924
 4924
 4924
 4924
 4924
 4924
 4924
 4924
 4927
 4927
 4927
 4927
 4927
 4927
 4927
 4927
 4927
 4927
 4983
 4983
 4983
 4983
 4983
 4983
 4983
 4983
 4983
 4983
 4983
 4983
 4984
 4984
 4984
 4984
 4984
 4984
 4984
 4984
 4984
 4984
 4984
 4984
 4986
 4986
 4986
 4986
 4986
 4986
 4986
 4986
 4986
 4986
 4986
 4986
 4992
 4992
 4992
 4992
 4992
 4992
 4992
 4992
 4992
 4992
 4992
 4992
 4995
 4995
 4995
 4995
 4995
 4995
 4995
 4995
 4995
 4995
 4995
 4995
 5008
 5008
 5008
 5008
 5008
 5008
 5008
 5008
 5008
 5008
 5008
 5008
 5009
 5009
 5009
 5009
 5009
 5009
 5009
 5009
 5009
 5009
 5009
 5009
 5044
 5044
 5044
 5044
 5044
 5044
 5044
 5044
 5044
 5044
 5044
 5044
 5072
 5072
 5072
 5072
 5072
 5072
 5072
 5072
 5072
 5072
 5072
 5072
 5111
 5111
 5111
 5111
 5111
 5111
 5111
 5111
 5111
 5111
 5111
 5111
 5111
 5111
 5111
 5111
 5111
 5111
 5111
 5111
 5111
 5111
 5111
 5111
 5111
 5111
 5111
 5111
 5111
 5111
 5111
 5111
 5111
 5111
 5111
 5111
 5111
 5111
 5111
 5111
 5111
 5111
 5111
 5111
 5111
 5116
 5116
 5116
 5116
 5116
 5116
 5116
 5116
 5116
 5116
 5116
 5116
 5138
 5138
 5138
 5138
 5138
 5138
 5138
 5138
 5138
 5138
 5138
 5138
 5151
 5151
 5151
 5151
 5151
 5151
 5151
 5151
 5151
 5151
 5151
 5151
 5161
 5161
 5161
 5161
 5161
 5161
 5161
 5161
 5207
 5207
 5207
 5207
 5207
 5207
 5207
 5207
 5207
 5207
 5207
 5207
 5240
 5240
 5240
 5240
 5240
 5240
 5240
 5240
 5240
 5240
 5240
 5240
 5327
 5327
 5327
 5327
 5327
 5327
 5327
 5327
 5333
 5333
 5333
 5333
 5333
 5333
 5333
 5333
 5333
 5333
 5333
 5333
 5348
 5348
 5348
 5348
 5348
 5348
 5348
 5348
 5348
 5348
 5348
 5348
 5349
 5349
 5349
 5349
 5349
 5349
 5349
 5349
 5365
 5365
 5365
 5365
 5365
 5365
 5365
 5365
 5365
 5365
 5365
 5365
 5366
 5366
 5366
 5366
 5366
 5366
 5366
 5366
 5366
 5366
 5366
 5366
 5427
 5427
 5427
 5427
 5427
 5427
 5427
 5427
 5427
 5427
 5437
 5437
 5437
 5437
 5437
 5437
 5437
 5437
 5437
 5437
 5437
 5437
 5437
 5437
 5437
 5437
 5437
 5437
 5437
 5437
 5437
 5437
 5437
 5437
 5437
 5437
 5437
 5437
 5437
 5437
 5437
 5437
 5437
 5437
 5437
 5437
 5437
 5437
 5437
 5437
 5437
 5437
 5437
 5437
 5437
 5451
 5451
 5451
 5451
 5451
 5451
 5451
 5451
 5451
 5451
 5455
 5455
 5455
 5455
 5455
 5455
 5455
 5455
 5525
 5525
 5525
 5525
 5525
 5525
 5566
 5566
 5566
 5566
 5566
 5566
 5566
 5566
 5566
 5566
 5566
 5566
 5566
 5566
 5566
 5566
 5566
 5598
 5598
 5598
 5598
 5598
 5598
 5598
 5598
 5598
 5598
 5624
 5624
 5624
 5624
 5624
 5624
 5624
 5624
 5624
 5624
 5624
 5624
 5826
 5826
 5826
 5826
 5826
 5826
 5826
 5826
 5826
 5826
 5826
 5826
 5826
 5826
 5826
 5826
 5826
 5826
 5826
 5826
 5826
 5826
 5826
 5826
 5826
 5826
 5826
 5826
 5826
 5826
 5826
 5826
 5826
 5826
 5826
 5826
 5826
 5826
 5826
 5826
 5826
 5826
 5826
 5826
 5826
 5845
 5845
 5845
 5845
 5845
 5845
 5845
 5845
 5845
 5845
 5845
 5845
 5845
 5845
 5845
 5845
 5845
 5860
 5860
 5860
 5860
 5860
 5860
 5860
 5860
 5861
 5861
 5861
 5861
 5861
 5861
 5861
 5861
 5862
 5862
 5862
 5862
 5862
 5862
 5862
 5862
 5864
 5864
 5864
 5864
 5864
 5864
 5864
 5864
 5869
 5869
 5869
 5869
 5869
 5869
 5869
 5869
 5873
 5873
 5873
 5873
 5873
 5873
 5873
 5873
 5874
 5874
 5874
 5874
 5874
 5874
 5874
 5874
 5877
 5877
 5877
 5877
 5877
 5877
 5877
 5877
 5879
 5879
 5879
 5879
 5879
 5879
 5879
 5879
 5879
 5879
 5879
 5879
 5879
 5879
 5879
 5879
 5879
 5929
 5929
 5929
 5929
 5929
 5929
 5929
 5929
 5929
 5929
 5979
 5979
 5979
 5979
 5979
 5979
 5979
 5979
 5979
 5979
 5979
 5979
 6241
 6241
 6241
 6241
 6241
 6241
 6241
 6241
 6241
 6241
 6242
 6242
 6242
 6242
 6242
 6242
 6242
 6242
 6242
 6242
 6242
 6242
 6277
 6277
 6277
 6277
 6277
 6277
 6277
 6277
 6278
 6278
 6278
 6278
 6278
 6278
 6278
 6278
 6285
 6285
 6285
 6285
 6285
 6285
 6285
 6285
 6285
 6285
 6286
 6286
 6286
 6286
 6286
 6286
 6286
 6286
 6339
 6339
 6339
 6339
 6339
 6339
 6339
 6339
 6339
 6339
 6339
 6339
 6339
 6339
 6339
 6339
 6339
 6352
 6352
 6352
 6352
 6352
 6352
 6352
 6352
 6529
 6529
 6633
 6633
 6633
 6633
 6633
 6633
 6633
 6633
 6633
 6633
 6633
 6633
 6675
 6675
 6675
 6675
 6675
 6675
 6675
 6675
 6676
 6676
 6676
 6676
 6676
 6676
 6676
 6676
 6742
 6742
 6742
 6742
 6742
 6742
 6742
 6742
 6742
 6742
 6919
 6919
 6919
 6919
 6919
 6919
 6919
 6919
 6921
 6921
 6921
 6921
 6921
 6921
 6921
 6921
 6987
 6987
 6987
 6987
 6987
 6987
 6987
 6987
 6987
 6987
 6987
 6987
 7173
 7173
 7173
 7173
 7173
 7173
 7173
 7173
 7206
 7206
 7216
 7216
 7216
 7216
 7216
 7216
 7216
 7216
 7220
 7220
 7226
 7226
 7236
 7236
 7236
 7236
 7236
 7236
 7236
 7236
 7420
 7420
 7420
 7420
 7420
 7420
 7420
 7420
