 20
 27
 31
 44
 46
 51
 52
 53
 56
 64
 73
 75
 92
 93
 94
 95
 96
 97
 114
 115
 126
 134
 136
 144
 150
 160
 164
 166
 171
 175
 176
 177
 178
 179
 185
 189
 190
 194
 197
 203
 205
 206
 207
 209
 210
 212
 213
 214
 216
 225
 226
 228
 230
 231
 232
 235
 236
 241
 245
 246
 249
 250
 251
 254
 257
 259
 262
 266
 269
 270
 271
 273
 275
 277
 282
 287
 288
 291
 292
 293
 294
 295
 296
 297
 298
 299
 300
 304
 305
 306
 308
 311
 317
 318
 319
 320
 323
 324
 325
 327
 328
 329
 330
 331
 332
 333
 334
 336
 337
 338
 339
 340
 341
 343
 345
 347
 348
 349
 350
 351
 354
 356
 360
 361
 362
 364
 365
 366
 367
 368
 369
 370
 371
 372
 373
 374
 383
 385
 386
 387
 388
 389
 390
 392
 396
 397
 398
 401
 403
 404
 407
 408
 409
 410
 413
 414
 415
 417
 418
 419
 421
 423
 425
 427
 434
 435
 436
 440
 444
 446
 448
 449
 450
 451
 463
 468
 469
 470
 471
 472
 473
 474
 475
 476
 483
 485
 486
 488
 489
 491
 493
 495
 496
 498
 500
 502
 503
 506
 507
 509
 512
 515
 517
 518
 520
 525
 529
 530
 533
 534
 535
 540
 544
 545
 546
 547
 549
 551
 552
 554
 555
 556
 557
 558
 562
 563
 569
 571
 575
 578
 579
 582
 583
 584
 586
 587
 589
 590
 591
 592
 595
 596
 598
 599
 600
 603
 606
 607
 610
 611
 613
 620
 622
 623
 625
 628
 629
 632
 633
 634
 636
 637
 638
 639
 647
 648
 652
 653
 655
 659
 660
 662
 663
 667
 671
 673
 674
 677
 678
 679
 680
 682
 684
 686
 688
 690
 692
 695
 696
 699
 701
 703
 705
 711
 712
 714
 715
 716
 717
 719
 723
 724
 728
 730
 731
 732
 733
 734
 736
 737
 739
 740
 741
 742
 743
 744
 745
 746
 749
 750
 754
 755
 757
 758
 761
 762
 763
 765
 767
 768
 769
 771
 772
 773
 775
 776
 779
 780
 781
 783
 784
 785
 787
 789
 790
 791
 792
 794
 796
 797
 798
 799
 800
 801
 802
 803
 805
 807
 808
 809
 810
 811
 812
 814
 823
 825
 826
 827
 828
 834
 835
 836
 838
 841
 842
 844
 845
 847
 848
 849
 851
 852
 853
 855
 856
 857
 858
 859
 861
 863
 864
 865
 867
 868
 872
 873
 874
 875
 878
 879
 880
 881
 886
 888
 890
 891
 893
 912
 913
 914
 920
 923
 924
 925
 926
 927
 928
 929
 930
 931
 932
 933
 935
 936
 937
 938
 939
 945
 946
 947
 948
 949
 951
 952
 958
 960
 961
 965
 970
 971
 972
 973
 974
 975
 976
 979
 980
 985
 986
 991
 992
 993
 998
 1000
 1001
 1004
 1005
 1006
 1009
 1010
 1012
 1013
 1014
 1015
 1016
 1017
 1018
 1019
 1020
 1022
 1023
 1024
 1025
 1027
 1029
 1030
 1031
 1033
 1035
 1037
 1038
 1039
 1040
 1041
 1042
 1044
 1045
 1046
 1048
 1052
 1054
 1058
 1060
 1061
 1067
 1068
 1070
 1072
 1073
 1077
 1080
 1088
 1089
 1090
 1100
 1101
 1102
 1103
 1104
 1108
 1109
 1110
 1111
 1120
 1125
 1126
 1127
 1129
 1131
 1133
 1135
 1140
 1141
 1142
 1144
 1147
 1148
 1149
 1152
 1154
 1160
 1162
 1167
 1168
 1169
 1170
 1177
 1178
 1179
 1180
 1184
 1185
 1187
 1189
 1190
 1192
 1194
 1197
 1201
 1202
 1203
 1204
 1205
 1206
 1210
 1211
 1212
 1214
 1215
 1216
 1217
 1220
 1224
 1225
 1227
 1228
 1229
 1231
 1232
 1233
 1234
 1235
 1239
 1240
 1241
 1243
 1244
 1245
 1247
 1248
 1249
 1250
 1251
 1253
 1254
 1255
 1256
 1257
 1261
 1262
 1263
 1270
 1273
 1274
 1276
 1277
 1278
 1281
 1282
 1289
 1290
 1294
 1296
 1297
 1305
 1306
 1312
 1317
 1322
 1323
 1324
 1325
 1326
 1327
 1328
 1329
 1331
 1333
 1334
 1337
 1340
 1341
 1342
 1345
 1346
 1347
 1349
 1350
 1354
 1355
 1356
 1357
 1358
 1359
 1360
 1361
 1362
 1364
 1366
 1367
 1368
 1369
 1370
 1371
 1372
 1373
 1374
 1375
 1376
 1377
 1378
 1379
 1380
 1381
 1382
 1383
 1385
 1390
 1392
 1395
 1396
 1397
 1399
 1400
 1401
 1402
 1403
 1404
 1405
 1407
 1408
 1409
 1410
 1411
 1412
 1413
 1414
 1416
 1417
 1418
 1419
 1421
 1425
 1426
 1431
 1432
 1436
 1437
 1438
 1442
 1443
 1445
 1446
 1447
 1450
 1454
 1455
 1456
 1457
 1458
 1459
 1461
 1462
 1463
 1464
 1469
 1471
 1474
 1476
 1478
 1481
 1483
 1484
 1486
 1487
 1488
 1489
 1490
 1491
 1492
 1493
 1496
 1497
 1499
 1500
 1501
 1502
 1504
 1506
 1507
 1508
 1509
 1513
 1514
 1515
 1518
 1519
 1523
 1525
 1526
 1527
 1530
 1531
 1532
 1538
 1540
 1546
 1547
 1549
 1550
 1556
 1558
 1559
 1561
 1562
 1563
 1564
 1566
 1567
 1568
 1570
 1572
 1573
 1574
 1575
 1583
 1584
 1585
 1586
 1588
 1589
 1592
 1594
 1595
 1596
 1601
 1603
 1608
 1609
 1615
 1617
 1618
 1619
 1622
 1623
 1624
 1625
 1626
 1628
 1629
 1630
 1641
 1644
 1645
 1646
 1647
 1648
 1650
 1651
 1654
 1655
 1656
 1657
 1664
 1665
 1666
 1667
 1668
 1669
 1671
 1672
 1674
 1675
 1678
 1679
 1682
 1683
 1684
 1686
 1687
 1689
 1691
 1693
 1694
 1695
 1696
 1698
 1699
 1700
 1701
 1703
 1704
 1705
 1706
 1708
 1709
 1710
 1711
 1713
 1714
 1715
 1717
 1718
 1719
 1722
 1723
 1725
 1726
 1727
 1728
 1729
 1731
 1732
 1734
 1735
 1737
 1738
 1739
 1740
 1741
 1743
 1744
 1746
 1748
 1749
 1751
 1752
 1754
 1755
 1756
 1777
 1783
 1786
 1790
 1791
 1792
 1793
 1794
 1795
 1796
 1797
 1801
 1802
 1804
 1805
 1806
 1807
 1808
 1809
 1812
 1814
 1815
 1816
 1817
 1821
 1822
 1825
 1827
 1828
 1829
 1830
 1831
 1832
 1833
 1836
 1837
 1841
 1845
 1846
 1847
 1849
 1850
 1851
 1853
 1860
 1872
 1879
 1880
 1882
 1884
 1885
 1887
 1888
 1891
 1895
 1897
 1898
 1899
 1900
 1901
 1902
 1903
 1904
 1908
 1910
 1913
 1914
 1915
 1918
 1919
 1924
 1929
 1940
 1941
 1942
 1943
 1944
 1946
 1948
 1949
 1951
 1959
 1960
 1961
 1962
 1963
 1965
 1966
 1971
 1973
 1975
 1976
 1978
 1980
 1984
 1985
 1987
 1988
 1990
 1991
 1992
 1993
 1994
 1995
 1996
 1998
 2000
 2001
 2002
 2003
 2004
 2005
 2006
 2007
 2008
 2009
 2010
 2011
 2012
 2013
 2014
 2015
 2016
 2017
 2018
 2020
 2022
 2024
 2025
 2026
 2027
 2028
 2030
 2031
 2032
 2035
 2036
 2037
 2038
 2039
 2040
 2041
 2042
 2043
 2044
 2045
 2046
 2048
 2049
 2050
 2051
 2052
 2053
 2054
 2055
 2056
 2057
 2058
 2059
 2060
 2064
 2065
 2067
 2070
 2071
 2072
 2073
 2074
 2075
 2076
 2077
 2078
 2079
 2080
 2083
 2084
 2085
 2086
 2087
 2088
 2089
 2090
 2091
 2092
 2093
 2094
 2095
 2096
 2097
 2098
 2099
 2100
 2101
 2102
 2103
 2104
 2105
 2106
 2107
 2108
 2109
 2110
 2111
 2112
 2113
 2115
 2116
 2117
 2120
 2121
 2123
 2124
 2126
 2128
 2129
 2130
 2131
 2132
 2133
 2134
 2138
 2140
 2141
 2142
 2143
 2147
 2148
 2150
 2151
 2153
 2154
 2155
 2156
 2157
 2159
 2160
 2161
 2166
 2167
 2168
 2169
 2170
 2174
 2181
 2185
 2189
 2190
 2191
 2196
 2197
 2198
 2199
 2200
 2201
 2202
 2203
 2204
 2205
 2206
 2207
 2208
 2209
 2210
 2211
 2212
 2214
 2215
 2216
 2217
 2218
 2219
 2220
 2221
 2224
 2225
 2226
 2227
 2233
 2235
 2236
 2237
 2238
 2239
 2241
 2242
 2243
 2244
 2245
 2246
 2247
 2248
 2249
 2250
 2251
 2253
 2255
 2256
 2257
 2258
 2259
 2260
 2263
 2264
 2265
 2266
 2268
 2269
 2270
 2272
 2273
 2275
 2277
 2279
 2281
 2282
 2283
 2284
 2285
 2286
 2288
 2289
 2290
 2291
 2292
 2294
 2295
 2296
 2297
 2298
 2301
 2302
 2303
 2304
 2307
 2308
 2309
 2315
 2316
 2317
 2324
 2326
 2329
 2330
 2331
 2332
 2333
 2334
 2335
 2336
 2338
 2342
 2344
 2345
 2349
 2352
 2356
 2358
 2360
 2363
 2364
 2365
 2367
 2368
 2369
 2370
 2371
 2372
 2373
 2376
 2377
 2378
 2379
 2380
 2381
 2382
 2387
 2390
 2392
 2394
 2396
 2397
 2398
 2400
 2401
 2413
 2414
 2415
 2416
 2417
 2421
 2423
 2424
 2425
 2426
 2427
 2428
 2429
 2431
 2433
 2435
 2437
 2445
 2446
 2447
 2449
 2454
 2455
 2456
 2461
 2463
 2464
 2465
 2466
 2470
 2471
 2472
 2473
 2474
 2475
 2477
 2478
 2479
 2480
 2481
 2482
 2483
 2484
 2485
 2486
 2488
 2490
 2492
 2494
 2496
 2498
 2499
 2500
 2501
 2502
 2503
 2504
 2505
 2506
 2507
 2508
 2509
 2510
 2511
 2512
 2513
 2521
 2522
 2524
 2525
 2527
 2529
 2535
 2536
 2537
 2541
 2543
 2544
 2546
 2547
 2555
 2561
 2562
 2564
 2565
 2566
 2567
 2576
 2582
 2583
 2584
 2586
 2587
 2588
 2597
 2599
 2600
 2603
 2604
 2606
 2607
 2608
 2609
 2610
 2614
 2615
 2616
 2617
 2620
 2621
 2622
 2623
 2624
 2625
 2627
 2628
 2629
 2630
 2632
 2636
 2637
 2638
 2640
 2643
 2644
 2645
 2646
 2647
 2648
 2649
 2651
 2656
 2657
 2659
 2660
 2662
 2663
 2664
 2668
 2669
 2670
 2671
 2672
 2673
 2674
 2675
 2676
 2677
 2679
 2680
 2681
 2682
 2683
 2685
 2689
 2690
 2692
 2694
 2695
 2696
 2699
 2700
 2703
 2705
 2706
 2707
 2711
 2712
 2713
 2722
 2723
 2724
 2727
 2729
 2730
 2732
 2733
 2734
 2735
 2736
 2737
 2740
 2741
 2742
 2749
 2750
 2751
 2752
 2753
 2754
 2755
 2756
 2757
 2761
 2762
 2763
 2764
 2766
 2767
 2768
 2770
 2772
 2773
 2774
 2775
 2776
 2777
 2778
 2779
 2780
 2782
 2784
 2785
 2786
 2787
 2788
 2789
 2790
 2791
 2792
 2793
 2794
 2795
 2796
 2797
 2802
 2803
 2804
 2805
 2806
 2808
 2809
 2812
 2813
 2814
 2815
 2818
 2822
 2823
 2824
 2825
 2826
 2827
 2831
 2832
 2833
 2834
 2835
 2836
 2838
 2839
 2840
 2843
 2844
 2846
 2847
 2848
 2855
 2856
 2862
 2869
 2870
 2879
 2881
 2882
 2883
 2884
 2885
 2887
 2891
 2892
 2893
 2894
 2895
 2896
 2897
 2898
 2900
 2901
 2903
 2904
 2905
 2907
 2908
 2909
 2910
 2911
 2912
 2915
 2916
 2918
 2919
 2920
 2921
 2926
 2928
 2931
 2932
 2933
 2935
 2940
 2943
 2944
 2945
 2946
 2947
 2948
 2952
 2953
 2954
 2955
 2956
 2957
 2958
 2959
 2975
 2976
 2977
 2978
 2979
 2980
 2981
 2984
 2985
 2986
 2987
 2988
 2989
 2992
 2994
 2997
 2998
 3001
 3002
 3003
 3004
 3005
 3006
 3008
 3009
 3010
 3011
 3015
 3016
 3027
 3030
 3032
 3033
 3034
 3035
 3036
 3037
 3038
 3042
 3043
 3044
 3045
 3046
 3047
 3048
 3049
 3050
 3051
 3052
 3053
 3054
 3055
 3056
 3057
 3058
 3059
 3060
 3061
 3062
 3063
 3065
 3067
 3068
 3069
 3070
 3071
 3073
 3074
 3075
 3076
 3077
 3078
 3093
 3094
 3103
 3110
 3111
 3113
 3115
 3116
 3117
 3119
 3121
 3122
 3128
 3132
 3133
 3134
 3135
 3136
 3137
 3140
 3142
 3143
 3144
 3145
 3146
 3147
 3149
 3150
 3153
 3154
 3155
 3163
 3164
 3167
 3168
 3169
 3170
 3171
 3175
 3176
 3177
 3182
 3183
 3185
 3186
 3187
 3188
 3189
 3199
 3203
 3206
 3207
 3212
 3218
 3219
 3224
 3226
 3227
 3230
 3231
 3232
 3233
 3234
 3236
 3240
 3242
 3247
 3249
 3252
 3253
 3254
 3255
 3256
 3257
 3259
 3260
 3261
 3263
 3264
 3267
 3269
 3270
 3271
 3272
 3273
 3274
 3275
 3276
 3278
 3279
 3280
 3281
 3282
 3283
 3284
 3285
 3286
 3287
 3288
 3289
 3290
 3291
 3293
 3296
 3297
 3298
 3299
 3300
 3301
 3302
 3303
 3304
 3306
 3307
 3308
 3309
 3314
 3316
 3317
 3318
 3322
 3324
 3325
 3327
 3329
 3334
 3335
 3336
 3337
 3338
 3339
 3340
 3341
 3342
 3343
 3345
 3346
 3348
 3349
 3350
 3351
 3352
 3353
 3354
 3355
 3359
 3360
 3361
 3363
 3364
 3368
 3369
 3370
 3373
 3374
 3375
 3376
 3377
 3378
 3379
 3380
 3381
 3382
 3383
 3384
 3385
 3387
 3388
 3391
 3392
 3393
 3394
 3397
 3398
 3399
 3400
 3401
 3403
 3405
 3408
 3409
 3410
 3411
 3412
 3413
 3414
 3415
 3416
 3419
 3421
 3422
 3423
 3425
 3426
 3427
 3428
 3429
 3430
 3431
 3432
 3433
 3434
 3435
 3436
 3437
 3440
 3441
 3443
 3444
 3445
 3446
 3449
 3450
 3451
 3456
 3457
 3461
 3465
 3468
 3470
 3473
 3475
 3476
 3480
 3482
 3484
 3485
 3487
 3488
 3491
 3492
 3493
 3494
 3495
 3498
 3499
 3500
 3503
 3504
 3506
 3507
 3508
 3511
 3512
 3513
 3515
 3516
 3517
 3518
 3519
 3521
 3524
 3525
 3527
 3528
 3533
 3534
 3537
 3538
 3540
 3541
 3542
 3543
 3544
 3546
 3547
 3548
 3551
 3552
 3553
 3555
 3558
 3561
 3562
 3563
 3564
 3565
 3566
 3567
 3568
 3569
 3571
 3573
 3574
 3575
 3578
 3579
 3580
 3581
 3583
 3584
 3585
 3587
 3588
 3589
 3590
 3591
 3593
 3594
 3595
 3596
 3598
 3601
 3603
 3605
 3606
 3608
 3609
 3612
 3613
 3615
 3616
 3617
 3619
 3620
 3621
 3622
 3623
 3624
 3625
 3626
 3627
 3628
 3637
 3638
 3639
 3641
 3644
 3645
 3646
 3647
 3649
 3650
 3651
 3652
 3653
 3654
 3655
 3660
 3663
 3665
 3667
 3668
 3671
 3674
 3676
 3677
 3678
 3679
 3680
 3723
 3724
 3725
 3726
 3727
 3728
 3729
 3730
 3731
 3733
 3734
 3735
 3737
 3738
 3739
 3740
 3742
 3743
 3746
 3747
 3748
 3749
 3750
 3751
 3754
 3755
 3756
 3758
 3759
 3760
 3761
 3762
 3763
 3764
 3765
 3767
 3768
 3769
 3770
 3771
 3772
 3773
 3775
 3776
 3777
 3778
 3779
 3780
 3781
 3783
 3784
 3786
 3787
 3788
 3789
 3790
 3791
 3792
 3794
 3795
 3796
 3797
 3798
 3799
 3802
 3803
 3804
 3805
 3806
 3807
 3808
 3809
 3810
 3811
 3812
 3813
 3814
 3816
 3817
 3818
 3819
 3820
 3821
 3822
 3823
 3824
 3825
 3826
 3827
 3828
 3829
 3830
 3831
 3832
 3833
 3834
 3835
 3836
 3837
 3838
 3839
 3840
 3841
 3842
 3843
 3844
 3845
 3847
 3848
 3849
 3850
 3851
 3852
 3853
 3854
 3855
 3856
 3857
 3858
 3859
 3860
 3861
 3862
 3863
 3864
 3865
 3866
 3868
 3872
 3873
 3874
 3876
 3878
 3879
 3880
 3881
 3884
 3886
 3887
 3889
 3890
 3894
 3895
 3896
 3897
 3898
 3899
 3900
 3901
 3902
 3903
 3904
 3905
 3906
 3908
 3909
 3910
 3911
 3912
 3913
 3915
 3916
 3917
 3918
 3919
 3921
 3922
 3923
 3924
 3927
 3928
 3932
 3933
 3937
 3938
 3940
 3941
 3944
 3945
 3946
 3947
 3949
 3950
 3951
 3952
 3953
 3954
 3957
 3960
 3961
 3962
 3963
 3964
 3968
 3969
 3970
 3971
 3974
 3975
 3976
 3977
 3978
 3979
 3980
 3981
 3982
 3984
 3985
 3986
 3988
 3989
 3993
 3994
 3995
 3996
 3997
 3998
 3999
 4000
 4001
 4002
 4003
 4004
 4005
 4006
 4007
 4008
 4010
 4011
 4012
 4013
 4014
 4015
 4016
 4017
 4035
 4036
 4038
 4044
 4048
 4050
 4052
 4054
 4064
 4072
 4076
 4084
 4090
 4091
 4095
 4096
 4097
 4098
 4099
 4103
 4112
 4131
 4132
 4133
 4134
 4135
 4136
 4142
 4146
 4147
 4148
 4150
 4151
 4152
 4156
 4169
 4172
 4173
 4176
 4177
 4178
 4179
 4180
 4181
 4182
 4183
 4185
 4187
 4190
 4191
 4192
 4193
 4194
 4195
 4196
 4197
 4198
 4201
 4202
 4206
 4209
 4210
 4211
 4212
 4214
 4215
 4216
 4217
 4218
 4219
 4220
 4221
 4222
 4223
 4224
 4227
 4228
 4229
 4230
 4231
 4232
 4233
 4234
 4235
 4238
 4239
 4240
 4243
 4244
 4245
 4246
 4247
 4248
 4249
 4250
 4251
 4252
 4253
 4254
 4255
 4256
 4257
 4262
 4263
 4267
 4268
 4269
 4270
 4271
 4272
 4273
 4274
 4275
 4276
 4277
 4278
 4279
 4282
 4283
 4284
 4285
 4287
 4288
 4289
 4290
 4291
 4292
 4293
 4294
 4295
 4296
 4297
 4298
 4299
 4300
 4301
 4302
 4303
 4304
 4305
 4306
 4309
 4310
 4311
 4312
 4313
 4314
 4315
 4316
 4317
 4318
 4319
 4320
 4321
 4322
 4323
 4324
 4325
 4326
 4327
 4328
 4329
 4331
 4332
 4333
 4337
 4338
 4339
 4340
 4341
 4342
 4343
 4344
 4345
 4346
 4347
 4348
 4349
 4350
 4351
 4352
 4353
 4354
 4355
 4357
 4358
 4359
 4360
 4361
 4362
 4363
 4364
 4365
 4366
 4367
 4368
 4369
 4370
 4372
 4373
 4374
 4376
 4377
 4378
 4379
 4380
 4381
 4382
 4383
 4384
 4385
 4386
 4387
 4388
 4389
 4390
 4391
 4392
 4393
 4394
 4395
 4396
 4397
 4398
 4399
 4400
 4401
 4402
 4403
 4404
 4405
 4408
 4409
 4410
 4411
 4413
 4414
 4415
 4416
 4417
 4418
 4424
 4429
 4430
 4432
 4433
 4434
 4435
 4436
 4437
 4438
 4439
 4440
 4441
 4442
 4443
 4444
 4445
 4446
 4447
 4448
 4449
 4450
 4451
 4452
 4453
 4454
 4455
 4456
 4457
 4458
 4459
 4460
 4462
 4463
 4464
 4465
 4466
 4478
 4479
 4480
 4482
 4486
 4487
 4491
 4492
 4493
 4494
 4495
 4496
 4497
 4498
 4499
 4501
 4502
 4503
 4504
 4505
 4506
 4507
 4508
 4509
 4510
 4511
 4514
 4515
 4516
 4517
 4518
 4519
 4524
 4527
 4528
 4529
 4530
 4531
 4532
 4534
 4536
 4537
 4538
 4539
 4540
 4541
 4542
 4543
 4544
 4545
 4546
 4549
 4550
 4551
 4552
 4553
 4554
 4555
 4556
 4557
 4558
 4560
 4561
 4563
 4564
 4565
 4566
 4567
 4568
 4569
 4570
 4571
 4572
 4573
 4574
 4575
 4576
 4577
 4578
 4579
 4580
 4581
 4583
 4584
 4585
 4586
 4587
 4588
 4589
 4590
 4591
 4593
 4594
 4595
 4596
 4599
 4601
 4602
 4603
 4604
 4605
 4606
 4607
 4608
 4610
 4611
 4612
 4614
 4617
 4618
 4619
 4621
 4622
 4623
 4624
 4625
 4626
 4627
 4631
 4634
 4635
 4639
 4641
 4642
 4643
 4644
 4645
 4646
 4647
 4648
 4649
 4650
 4652
 4653
 4654
 4655
 4659
 4668
 4669
 4670
 4671
 4672
 4673
 4674
 4675
 4676
 4677
 4678
 4679
 4680
 4681
 4683
 4684
 4685
 4686
 4687
 4688
 4691
 4692
 4693
 4695
 4698
 4700
 4701
 4702
 4703
 4704
 4705
 4707
 4711
 4712
 4713
 4714
 4715
 4716
 4717
 4718
 4719
 4726
 4728
 4729
 4730
 4731
 4732
 4733
 4735
 4736
 4737
 4738
 4739
 4740
 4741
 4742
 4743
 4744
 4745
 4748
 4749
 4750
 4751
 4752
 4753
 4754
 4755
 4756
 4757
 4758
 4759
 4760
 4761
 4762
 4764
 4765
 4766
 4767
 4768
 4769
 4772
 4773
 4774
 4785
 4792
 4798
 4799
 4800
 4801
 4802
 4806
 4807
 4810
 4812
 4813
 4814
 4815
 4816
 4818
 4819
 4823
 4824
 4825
 4826
 4829
 4830
 4840
 4842
 4843
 4845
 4846
 4848
 4849
 4850
 4852
 4854
 4855
 4857
 4862
 4863
 4865
 4869
 4870
 4871
 4872
 4873
 4875
 4876
 4880
 4881
 4886
 4887
 4890
 4893
 4897
 4898
 4900
 4901
 4902
 4904
 4917
 4918
 4921
 4922
 4924
 4926
 4927
 4935
 4936
 4945
 4947
 4949
 4950
 4951
 4953
 4954
 4955
 4956
 4957
 4958
 4964
 4967
 4968
 4969
 4970
 4971
 4972
 4973
 4974
 4983
 4984
 4986
 4992
 4993
 4994
 4995
 5000
 5006
 5008
 5009
 5010
 5014
 5018
 5021
 5022
 5023
 5024
 5025
 5026
 5027
 5028
 5029
 5030
 5031
 5032
 5042
 5044
 5049
 5055
 5056
 5057
 5058
 5063
 5064
 5066
 5067
 5068
 5069
 5071
 5072
 5075
 5076
 5077
 5078
 5087
 5088
 5089
 5092
 5093
 5094
 5095
 5097
 5099
 5100
 5108
 5110
 5111
 5112
 5113
 5114
 5115
 5116
 5127
 5128
 5129
 5132
 5133
 5138
 5139
 5140
 5141
 5143
 5145
 5147
 5151
 5152
 5155
 5157
 5158
 5161
 5162
 5165
 5166
 5168
 5169
 5173
 5174
 5175
 5176
 5177
 5178
 5180
 5181
 5189
 5190
 5192
 5193
 5194
 5195
 5196
 5197
 5198
 5199
 5200
 5201
 5202
 5203
 5204
 5205
 5206
 5207
 5209
 5211
 5215
 5216
 5217
 5218
 5219
 5220
 5221
 5222
 5223
 5224
 5225
 5226
 5227
 5228
 5229
 5230
 5231
 5232
 5233
 5234
 5235
 5237
 5238
 5239
 5240
 5242
 5243
 5244
 5245
 5248
 5249
 5250
 5251
 5252
 5253
 5258
 5260
 5261
 5262
 5263
 5264
 5265
 5266
 5267
 5268
 5269
 5271
 5272
 5273
 5274
 5275
 5276
 5277
 5290
 5291
 5292
 5293
 5294
 5295
 5298
 5300
 5301
 5302
 5303
 5304
 5305
 5312
 5313
 5314
 5315
 5316
 5317
 5318
 5319
 5320
 5322
 5323
 5324
 5325
 5326
 5327
 5328
 5329
 5330
 5331
 5333
 5337
 5338
 5339
 5340
 5341
 5342
 5344
 5345
 5346
 5347
 5348
 5349
 5351
 5352
 5354
 5357
 5358
 5359
 5360
 5363
 5364
 5365
 5366
 5367
 5368
 5370
 5371
 5384
 5385
 5389
 5390
 5391
 5393
 5394
 5395
 5396
 5398
 5399
 5400
 5401
 5402
 5403
 5405
 5406
 5408
 5409
 5410
 5411
 5412
 5413
 5414
 5417
 5418
 5419
 5421
 5422
 5423
 5425
 5426
 5427
 5428
 5429
 5430
 5431
 5432
 5437
 5438
 5439
 5442
 5443
 5444
 5445
 5446
 5447
 5448
 5451
 5455
 5456
 5457
 5458
 5459
 5462
 5465
 5466
 5467
 5475
 5476
 5478
 5480
 5482
 5483
 5484
 5488
 5489
 5490
 5491
 5492
 5494
 5495
 5498
 5502
 5503
 5505
 5508
 5509
 5513
 5516
 5517
 5518
 5520
 5521
 5524
 5525
 5529
 5532
 5537
 5538
 5539
 5540
 5544
 5545
 5547
 5550
 5551
 5552
 5553
 5554
 5555
 5560
 5562
 5564
 5565
 5566
 5569
 5570
 5571
 5572
 5574
 5575
 5576
 5577
 5578
 5579
 5580
 5581
 5582
 5583
 5584
 5585
 5586
 5595
 5596
 5598
 5599
 5600
 5601
 5605
 5606
 5607
 5608
 5610
 5611
 5612
 5613
 5614
 5615
 5621
 5622
 5624
 5625
 5626
 5627
 5628
 5635
 5636
 5637
 5639
 5640
 5643
 5644
 5651
 5653
 5654
 5655
 5658
 5659
 5661
 5662
 5664
 5666
 5668
 5669
 5670
 5671
 5672
 5673
 5674
 5675
 5677
 5679
 5680
 5681
 5683
 5684
 5685
 5686
 5687
 5688
 5689
 5690
 5691
 5692
 5693
 5695
 5697
 5698
 5699
 5701
 5704
 5705
 5707
 5708
 5709
 5711
 5712
 5713
 5717
 5718
 5719
 5720
 5722
 5723
 5724
 5725
 5726
 5727
 5728
 5729
 5730
 5731
 5732
 5733
 5734
 5735
 5736
 5740
 5741
 5742
 5743
 5744
 5745
 5746
 5747
 5748
 5749
 5750
 5751
 5752
 5753
 5754
 5755
 5756
 5757
 5758
 5759
 5760
 5761
 5762
 5763
 5764
 5765
 5767
 5770
 5772
 5774
 5775
 5776
 5777
 5778
 5779
 5780
 5781
 5782
 5783
 5784
 5786
 5787
 5788
 5789
 5790
 5791
 5792
 5793
 5794
 5795
 5796
 5798
 5799
 5801
 5802
 5804
 5805
 5806
 5807
 5808
 5809
 5810
 5811
 5812
 5813
 5814
 5815
 5816
 5817
 5818
 5819
 5821
 5822
 5823
 5824
 5826
 5827
 5828
 5829
 5830
 5832
 5833
 5834
 5835
 5837
 5838
 5840
 5842
 5843
 5844
 5845
 5846
 5847
 5848
 5849
 5850
 5851
 5852
 5854
 5858
 5860
 5861
 5862
 5863
 5864
 5865
 5866
 5867
 5868
 5869
 5871
 5872
 5873
 5874
 5875
 5876
 5877
 5879
 5881
 5882
 5885
 5891
 5892
 5904
 5905
 5907
 5914
 5917
 5918
 5920
 5922
 5923
 5925
 5926
 5927
 5928
 5929
 5930
 5931
 5932
 5933
 5934
 5935
 5936
 5937
 5938
 5939
 5940
 5941
 5942
 5948
 5949
 5950
 5951
 5952
 5953
 5954
 5955
 5956
 5957
 5958
 5959
 5961
 5962
 5964
 5979
 5980
 5981
 5982
 5983
 5984
 5985
 5987
 5993
 5994
 5995
 5996
 5997
 5998
 5999
 6001
 6003
 6004
 6005
 6008
 6009
 6010
 6011
 6012
 6013
 6014
 6015
 6016
 6017
 6018
 6019
 6020
 6021
 6024
 6026
 6027
 6028
 6029
 6030
 6031
 6032
 6033
 6034
 6035
 6036
 6037
 6038
 6039
 6040
 6041
 6042
 6043
 6045
 6046
 6047
 6048
 6049
 6050
 6051
 6052
 6053
 6054
 6055
 6056
 6057
 6058
 6060
 6063
 6065
 6066
 6067
 6068
 6069
 6070
 6071
 6072
 6073
 6074
 6075
 6076
 6077
 6078
 6079
 6080
 6081
 6083
 6084
 6085
 6086
 6087
 6088
 6089
 6090
 6091
 6092
 6093
 6094
 6095
 6096
 6097
 6098
 6099
 6100
 6101
 6102
 6103
 6104
 6105
 6106
 6107
 6108
 6109
 6110
 6111
 6112
 6113
 6114
 6115
 6116
 6117
 6118
 6119
 6120
 6121
 6122
 6123
 6124
 6125
 6126
 6127
 6128
 6129
 6130
 6131
 6132
 6133
 6135
 6136
 6137
 6138
 6139
 6140
 6141
 6142
 6143
 6144
 6145
 6146
 6147
 6148
 6149
 6150
 6151
 6153
 6154
 6155
 6156
 6157
 6158
 6159
 6160
 6161
 6162
 6163
 6164
 6165
 6166
 6167
 6168
 6169
 6170
 6171
 6172
 6173
 6174
 6175
 6176
 6177
 6178
 6179
 6180
 6181
 6182
 6183
 6184
 6185
 6186
 6187
 6188
 6189
 6190
 6191
 6192
 6193
 6194
 6195
 6196
 6197
 6198
 6199
 6200
 6201
 6202
 6203
 6204
 6205
 6206
 6209
 6210
 6212
 6215
 6219
 6221
 6223
 6224
 6225
 6233
 6234
 6235
 6236
 6237
 6238
 6239
 6240
 6241
 6242
 6244
 6249
 6250
 6252
 6253
 6254
 6255
 6256
 6257
 6260
 6261
 6262
 6263
 6264
 6265
 6266
 6267
 6268
 6269
 6270
 6271
 6272
 6273
 6274
 6275
 6277
 6278
 6279
 6280
 6281
 6283
 6285
 6286
 6287
 6289
 6290
 6291
 6293
 6294
 6296
 6298
 6299
 6302
 6303
 6304
 6305
 6307
 6312
 6313
 6339
 6340
 6342
 6350
 6351
 6352
 6361
 6363
 6364
 6365
 6366
 6367
 6368
 6369
 6370
 6371
 6372
 6373
 6374
 6375
 6376
 6377
 6378
 6379
 6380
 6383
 6388
 6389
 6390
 6391
 6392
 6393
 6394
 6395
 6396
 6397
 6399
 6400
 6402
 6406
 6407
 6410
 6411
 6412
 6415
 6416
 6417
 6420
 6421
 6422
 6423
 6424
 6425
 6426
 6427
 6437
 6438
 6441
 6444
 6446
 6447
 6448
 6449
 6450
 6453
 6454
 6455
 6456
 6457
 6458
 6459
 6460
 6461
 6462
 6463
 6464
 6470
 6471
 6473
 6474
 6479
 6480
 6481
 6483
 6485
 6486
 6487
 6488
 6489
 6490
 6491
 6492
 6493
 6495
 6496
 6500
 6509
 6510
 6511
 6513
 6514
 6516
 6518
 6519
 6520
 6521
 6522
 6523
 6524
 6525
 6526
 6528
 6529
 6530
 6531
 6532
 6537
 6538
 6539
 6540
 6541
 6542
 6543
 6544
 6545
 6546
 6547
 6550
 6551
 6576
 6578
 6579
 6580
 6581
 6582
 6583
 6584
 6585
 6586
 6587
 6588
 6589
 6590
 6591
 6592
 6593
 6594
 6595
 6596
 6597
 6598
 6599
 6600
 6604
 6605
 6606
 6607
 6608
 6609
 6613
 6614
 6615
 6621
 6622
 6623
 6625
 6626
 6627
 6629
 6630
 6631
 6632
 6633
 6634
 6635
 6636
 6637
 6639
 6640
 6643
 6644
 6646
 6647
 6648
 6649
 6650
 6651
 6653
 6654
 6655
 6656
 6657
 6658
 6659
 6660
 6661
 6662
 6668
 6669
 6670
 6671
 6672
 6674
 6675
 6676
 6679
 6680
 6681
 6682
 6683
 6684
 6685
 6686
 6687
 6688
 6689
 6690
 6691
 6692
 6693
 6694
 6695
 6696
 6697
 6698
 6699
 6700
 6701
 6703
 6704
 6705
 6706
 6707
 6708
 6709
 6710
 6711
 6712
 6713
 6714
 6716
 6717
 6718
 6719
 6720
 6721
 6722
 6723
 6724
 6731
 6732
 6733
 6734
 6737
 6740
 6742
 6744
 6745
 6746
 6749
 6750
 6751
 6752
 6754
 6755
 6756
 6757
 6758
 6759
 6760
 6761
 6762
 6763
 6764
 6765
 6766
 6767
 6768
 6769
 6772
 6776
 6784
 6785
 6789
 6791
 6801
 6802
 6803
 6804
 6806
 6807
 6808
 6809
 6810
 6814
 6815
 6816
 6817
 6818
 6820
 6821
 6823
 6825
 6826
 6827
 6828
 6829
 6830
 6831
 6832
 6833
 6834
 6836
 6837
 6846
 6847
 6850
 6851
 6852
 6854
 6858
 6859
 6860
 6861
 6862
 6868
 6873
 6878
 6883
 6884
 6886
 6888
 6889
 6894
 6898
 6899
 6900
 6901
 6902
 6903
 6904
 6907
 6908
 6909
 6913
 6914
 6915
 6917
 6918
 6919
 6920
 6921
 6924
 6925
 6927
 6928
 6929
 6931
 6933
 6935
 6940
 6942
 6943
 6945
 6947
 6949
 6950
 6952
 6958
 6962
 6963
 6965
 6966
 6968
 6970
 6978
 6980
 6981
 6982
 6983
 6984
 6985
 6986
 6987
 6989
 6991
 6992
 6993
 6995
 6997
 6998
 6999
 7000
 7005
 7008
 7009
 7010
 7012
 7014
 7015
 7016
 7017
 7020
 7024
 7027
 7038
 7042
 7046
 7047
 7048
 7049
 7050
 7051
 7052
 7053
 7054
 7055
 7056
 7058
 7060
 7061
 7062
 7064
 7065
 7066
 7067
 7068
 7069
 7070
 7071
 7072
 7073
 7075
 7079
 7080
 7081
 7082
 7083
 7084
 7086
 7087
 7089
 7090
 7093
 7094
 7095
 7096
 7098
 7099
 7100
 7101
 7104
 7106
 7108
 7110
 7111
 7113
 7114
 7115
 7117
 7118
 7120
 7123
 7124
 7125
 7126
 7127
 7130
 7131
 7132
 7133
 7134
 7135
 7136
 7137
 7138
 7139
 7140
 7141
 7142
 7143
 7144
 7145
 7146
 7147
 7148
 7149
 7150
 7151
 7155
 7159
 7161
 7164
 7165
 7166
 7167
 7168
 7169
 7170
 7171
 7173
 7174
 7175
 7176
 7179
 7180
 7184
 7185
 7187
 7188
 7189
 7190
 7191
 7193
 7194
 7195
 7196
 7197
 7198
 7199
 7200
 7205
 7206
 7209
 7210
 7211
 7212
 7214
 7216
 7217
 7219
 7220
 7221
 7223
 7224
 7225
 7226
 7227
 7228
 7229
 7230
 7231
 7232
 7233
 7234
 7235
 7236
 7237
 7240
 7245
 7247
 7249
 7251
 7252
 7253
 7254
 7255
 7256
 7257
 7258
 7261
 7262
 7264
 7265
 7266
 7268
 7269
 7270
 7272
 7273
 7274
 7275
 7276
 7282
 7283
 7285
 7287
 7288
 7289
 7291
 7293
 7294
 7295
 7297
 7303
 7304
 7305
 7306
 7311
 7312
 7313
 7314
 7315
 7317
 7318
 7319
 7321
 7322
 7323
 7324
 7325
 7326
 7327
 7328
 7329
 7330
 7331
 7333
 7334
 7337
 7338
 7339
 7341
 7342
 7344
 7347
 7348
 7349
 7350
 7351
 7352
 7354
 7356
 7357
 7358
 7359
 7360
 7361
 7372
 7374
 7375
 7376
 7378
 7380
 7381
 7382
 7384
 7385
 7387
 7388
 7389
 7390
 7391
 7393
 7394
 7395
 7396
 7397
 7398
 7400
 7401
 7402
 7403
 7404
 7405
 7406
 7407
 7408
 7409
 7410
 7411
 7412
 7413
 7415
 7416
 7417
 7419
 7420
 7421
 7422
 7423
 7424
 7425
 7426
 7427
 7432
 7435
 7437
 7439
 7440
 7441
 7442
 7443
 7444
 7448
 7449
 7450
 7451
 7452
 7453
 7454
 7455
 7456
 7457
 7458
 7459
 7461
 7462
 7463
 7464
 7465
 7466
 7467
 7468
 7470
 7471
 7472
 7473
 7474
 7476
 7478
 7480
 7481
 7482
 7483
 7484
 7487
 7490
 7491
 7493
 7494
 7495
 7496
 7497
 7498
 7506
 7507
 7509
 7510
 7511
 7512
 7515
 7516
 7518
 7519
 7522
 7525
 7530
 7531
 7532
 7534
 7536
 7537
 7538
 7539
 7540
 7541
 7543
 7546
 7547
 7548
 7549
 7550
 7551
 7552
 7553
 7554
 7555
 7556
 7557
 7558
 7559
 7560
 7562
 7563
 7564
 7565
 7566
 7567
 7568
 7569
 7570
 7571
 7572
 7573
 7574
 7575
 7576
 7577
 7578
 7579
 7580
 7581
 7582
 7583
 7584
 7585
 7586
 7588
 7589
 7591
 7593
 7594
 7595
 7596
 7597
 7598
 7599
 7600
 7603
 7604
 7607
 7608
 7609
 7611
 7613
 7620
 7621
 7622
 7623
 7624
 7625
 7626
 7627
 7628
 7629
 7630
 7631
 7632
 7633
 7634
 7635
 7639
 7643
 7644
 7645
 7646
 7647
 7652
 7653
 7654
 7662
 7663
 7664
 7665
